<?xml version="1.0" encoding="UTF-8"?>
<testng-results ignored="0" total="1" passed="1" failed="0" skipped="0">
  <reporter-output>
  </reporter-output>
  <suite started-at="2023-04-15T15:19:17 IST" name="Default suite" finished-at="2023-04-15T15:19:17 IST" duration-ms="91">
    <groups>
    </groups>
    <test started-at="2023-04-15T15:19:17 IST" name="Default test" finished-at="2023-04-15T15:19:17 IST" duration-ms="91">
      <class name="com.demo.ContactTest">
        <test-method signature="Sample()[pri:0, instance:com.demo.ContactTest@44a7bfbc]" started-at="2023-04-15T15:19:17 IST" name="Sample" finished-at="2023-04-15T15:19:17 IST" duration-ms="17" status="PASS">
          <reporter-output>
          </reporter-output>
        </test-method> <!-- Sample -->
      </class> <!-- com.demo.ContactTest -->
    </test> <!-- Default test -->
  </suite> <!-- Default suite -->
</testng-results>
